[0.047s] Invoking command in '/home/jetson/flyrs_ws/build/fl2': CMAKE_PREFIX_PATH=${CMAKE_PREFIX_PATH}:/home/jetson/flyrs_ws/install/tmp:/opt/ros/foxy /usr/bin/cmake /home/jetson/flyrs_ws/src/fl2 -DCMAKE_INSTALL_PREFIX=/home/jetson/flyrs_ws/install/fl2
[0.767s] -- The C compiler identification is GNU 8.4.0
[1.227s] -- The CXX compiler identification is GNU 8.4.0
[1.259s] -- Check for working C compiler: /usr/bin/cc
[1.498s] -- Check for working C compiler: /usr/bin/cc -- works
[1.505s] -- Detecting C compiler ABI info
[1.735s] -- Detecting C compiler ABI info - done
[1.783s] -- Detecting C compile features
[1.785s] -- Detecting C compile features - done
[1.797s] -- Check for working CXX compiler: /usr/bin/c++
[2.057s] -- Check for working CXX compiler: /usr/bin/c++ -- works
[2.061s] -- Detecting CXX compiler ABI info
[2.323s] -- Detecting CXX compiler ABI info - done
[2.371s] -- Detecting CXX compile features
[2.373s] -- Detecting CXX compile features - done
[2.430s] -- Found ament_cmake: 0.9.12 (/opt/ros/foxy/share/ament_cmake/cmake)
[2.550s] -- Found PythonInterp: /usr/bin/python3 (found suitable version "3.8.10", minimum required is "3") 
[2.551s] -- Using PYTHON_EXECUTABLE: /usr/bin/python3
[3.715s] -- Found ament_lint_auto: 0.9.8 (/opt/ros/foxy/share/ament_lint_auto/cmake)
[4.083s] -- Added test 'copyright' to check source files copyright and LICENSE
[4.092s] -- Added test 'flake8' to check Python code syntax and style conventions
[4.094s] -- Added test 'lint_cmake' to check CMake code style
[4.097s] -- Added test 'pep257' to check Python code against some of the style conventions in PEP 257
[4.102s] -- Added test 'xmllint' to check XML markup files
[4.112s] -- Configuring done
[4.119s] -- Generating done
[4.125s] -- Build files have been written to: /home/jetson/flyrs_ws/build/fl2
[4.138s] Invoked command in '/home/jetson/flyrs_ws/build/fl2' returned '0': CMAKE_PREFIX_PATH=${CMAKE_PREFIX_PATH}:/home/jetson/flyrs_ws/install/tmp:/opt/ros/foxy /usr/bin/cmake /home/jetson/flyrs_ws/src/fl2 -DCMAKE_INSTALL_PREFIX=/home/jetson/flyrs_ws/install/fl2
[4.147s] Invoking command in '/home/jetson/flyrs_ws/build/fl2': CMAKE_PREFIX_PATH=${CMAKE_PREFIX_PATH}:/home/jetson/flyrs_ws/install/tmp:/opt/ros/foxy /usr/bin/cmake --build /home/jetson/flyrs_ws/build/fl2 -- -j4 -l4
[4.281s] Invoked command in '/home/jetson/flyrs_ws/build/fl2' returned '0': CMAKE_PREFIX_PATH=${CMAKE_PREFIX_PATH}:/home/jetson/flyrs_ws/install/tmp:/opt/ros/foxy /usr/bin/cmake --build /home/jetson/flyrs_ws/build/fl2 -- -j4 -l4
[4.323s] Invoking command in '/home/jetson/flyrs_ws/build/fl2': CMAKE_PREFIX_PATH=${CMAKE_PREFIX_PATH}:/home/jetson/flyrs_ws/install/tmp:/opt/ros/foxy /usr/bin/cmake --install /home/jetson/flyrs_ws/build/fl2
[4.350s] -- Install configuration: ""
[4.350s] -- Installing: /home/jetson/flyrs_ws/install/fl2/share/ament_index/resource_index/package_run_dependencies/fl2
[4.351s] -- Installing: /home/jetson/flyrs_ws/install/fl2/share/ament_index/resource_index/parent_prefix_path/fl2
[4.352s] -- Installing: /home/jetson/flyrs_ws/install/fl2/share/fl2/environment/ament_prefix_path.sh
[4.352s] -- Installing: /home/jetson/flyrs_ws/install/fl2/share/fl2/environment/ament_prefix_path.dsv
[4.353s] -- Installing: /home/jetson/flyrs_ws/install/fl2/share/fl2/environment/path.sh
[4.353s] -- Installing: /home/jetson/flyrs_ws/install/fl2/share/fl2/environment/path.dsv
[4.354s] -- Installing: /home/jetson/flyrs_ws/install/fl2/share/fl2/local_setup.bash
[4.354s] -- Installing: /home/jetson/flyrs_ws/install/fl2/share/fl2/local_setup.sh
[4.355s] -- Installing: /home/jetson/flyrs_ws/install/fl2/share/fl2/local_setup.zsh
[4.355s] -- Installing: /home/jetson/flyrs_ws/install/fl2/share/fl2/local_setup.dsv
[4.356s] -- Installing: /home/jetson/flyrs_ws/install/fl2/share/fl2/package.dsv
[4.356s] -- Installing: /home/jetson/flyrs_ws/install/fl2/share/ament_index/resource_index/packages/fl2
[4.357s] -- Installing: /home/jetson/flyrs_ws/install/fl2/share/fl2/cmake/fl2Config.cmake
[4.358s] -- Installing: /home/jetson/flyrs_ws/install/fl2/share/fl2/cmake/fl2Config-version.cmake
[4.359s] -- Installing: /home/jetson/flyrs_ws/install/fl2/share/fl2/package.xml
[4.368s] Invoked command in '/home/jetson/flyrs_ws/build/fl2' returned '0': CMAKE_PREFIX_PATH=${CMAKE_PREFIX_PATH}:/home/jetson/flyrs_ws/install/tmp:/opt/ros/foxy /usr/bin/cmake --install /home/jetson/flyrs_ws/build/fl2
