[0.043s] Invoking command in '/home/jetson/flyrs_ws/build/fl2': CMAKE_PREFIX_PATH=${CMAKE_PREFIX_PATH}:/home/jetson/flyrs_ws/install/tmp:/opt/ros/foxy /usr/bin/cmake --build /home/jetson/flyrs_ws/build/fl2 -- -j4 -l4
[0.198s] Invoked command in '/home/jetson/flyrs_ws/build/fl2' returned '0': CMAKE_PREFIX_PATH=${CMAKE_PREFIX_PATH}:/home/jetson/flyrs_ws/install/tmp:/opt/ros/foxy /usr/bin/cmake --build /home/jetson/flyrs_ws/build/fl2 -- -j4 -l4
[0.241s] Invoking command in '/home/jetson/flyrs_ws/build/fl2': CMAKE_PREFIX_PATH=${CMAKE_PREFIX_PATH}:/home/jetson/flyrs_ws/install/tmp:/opt/ros/foxy /usr/bin/cmake --install /home/jetson/flyrs_ws/build/fl2
[0.269s] -- Install configuration: ""
[0.269s] -- Up-to-date: /home/jetson/flyrs_ws/install/fl2/share/ament_index/resource_index/package_run_dependencies/fl2
[0.270s] -- Up-to-date: /home/jetson/flyrs_ws/install/fl2/share/ament_index/resource_index/parent_prefix_path/fl2
[0.270s] -- Up-to-date: /home/jetson/flyrs_ws/install/fl2/share/fl2/environment/ament_prefix_path.sh
[0.270s] -- Up-to-date: /home/jetson/flyrs_ws/install/fl2/share/fl2/environment/ament_prefix_path.dsv
[0.271s] -- Up-to-date: /home/jetson/flyrs_ws/install/fl2/share/fl2/environment/path.sh
[0.271s] -- Up-to-date: /home/jetson/flyrs_ws/install/fl2/share/fl2/environment/path.dsv
[0.272s] -- Up-to-date: /home/jetson/flyrs_ws/install/fl2/share/fl2/local_setup.bash
[0.272s] -- Up-to-date: /home/jetson/flyrs_ws/install/fl2/share/fl2/local_setup.sh
[0.272s] -- Up-to-date: /home/jetson/flyrs_ws/install/fl2/share/fl2/local_setup.zsh
[0.273s] -- Up-to-date: /home/jetson/flyrs_ws/install/fl2/share/fl2/local_setup.dsv
[0.273s] -- Up-to-date: /home/jetson/flyrs_ws/install/fl2/share/fl2/package.dsv
[0.274s] -- Up-to-date: /home/jetson/flyrs_ws/install/fl2/share/ament_index/resource_index/packages/fl2
[0.274s] -- Up-to-date: /home/jetson/flyrs_ws/install/fl2/share/fl2/cmake/fl2Config.cmake
[0.274s] -- Up-to-date: /home/jetson/flyrs_ws/install/fl2/share/fl2/cmake/fl2Config-version.cmake
[0.275s] -- Up-to-date: /home/jetson/flyrs_ws/install/fl2/share/fl2/package.xml
[0.278s] Invoked command in '/home/jetson/flyrs_ws/build/fl2' returned '0': CMAKE_PREFIX_PATH=${CMAKE_PREFIX_PATH}:/home/jetson/flyrs_ws/install/tmp:/opt/ros/foxy /usr/bin/cmake --install /home/jetson/flyrs_ws/build/fl2
