running egg_info
creating ../../build/fl2/fl2.egg-info
writing ../../build/fl2/fl2.egg-info/PKG-INFO
writing dependency_links to ../../build/fl2/fl2.egg-info/dependency_links.txt
writing entry points to ../../build/fl2/fl2.egg-info/entry_points.txt
writing requirements to ../../build/fl2/fl2.egg-info/requires.txt
writing top-level names to ../../build/fl2/fl2.egg-info/top_level.txt
writing manifest file '../../build/fl2/fl2.egg-info/SOURCES.txt'
reading manifest file '../../build/fl2/fl2.egg-info/SOURCES.txt'
writing manifest file '../../build/fl2/fl2.egg-info/SOURCES.txt'
running build
running build_py
creating /home/jetson/flyrs_ws/build/fl2/build
creating /home/jetson/flyrs_ws/build/fl2/build/lib
creating /home/jetson/flyrs_ws/build/fl2/build/lib/fl2
copying fl2/visionpose_sys_node.py -> /home/jetson/flyrs_ws/build/fl2/build/lib/fl2
copying fl2/__init__.py -> /home/jetson/flyrs_ws/build/fl2/build/lib/fl2
copying fl2/vicon_sys_node.py -> /home/jetson/flyrs_ws/build/fl2/build/lib/fl2
copying fl2/realsense_sys_node.py -> /home/jetson/flyrs_ws/build/fl2/build/lib/fl2
running install
running install_lib
creating /home/jetson/flyrs_ws/install/fl2/lib/python3.8/site-packages/fl2
copying /home/jetson/flyrs_ws/build/fl2/build/lib/fl2/visionpose_sys_node.py -> /home/jetson/flyrs_ws/install/fl2/lib/python3.8/site-packages/fl2
copying /home/jetson/flyrs_ws/build/fl2/build/lib/fl2/__init__.py -> /home/jetson/flyrs_ws/install/fl2/lib/python3.8/site-packages/fl2
copying /home/jetson/flyrs_ws/build/fl2/build/lib/fl2/vicon_sys_node.py -> /home/jetson/flyrs_ws/install/fl2/lib/python3.8/site-packages/fl2
copying /home/jetson/flyrs_ws/build/fl2/build/lib/fl2/realsense_sys_node.py -> /home/jetson/flyrs_ws/install/fl2/lib/python3.8/site-packages/fl2
byte-compiling /home/jetson/flyrs_ws/install/fl2/lib/python3.8/site-packages/fl2/visionpose_sys_node.py to visionpose_sys_node.cpython-38.pyc
byte-compiling /home/jetson/flyrs_ws/install/fl2/lib/python3.8/site-packages/fl2/__init__.py to __init__.cpython-38.pyc
byte-compiling /home/jetson/flyrs_ws/install/fl2/lib/python3.8/site-packages/fl2/vicon_sys_node.py to vicon_sys_node.cpython-38.pyc
byte-compiling /home/jetson/flyrs_ws/install/fl2/lib/python3.8/site-packages/fl2/realsense_sys_node.py to realsense_sys_node.cpython-38.pyc
running install_data
copying resource/fl2 -> /home/jetson/flyrs_ws/install/fl2/share/ament_index/resource_index/packages
copying package.xml -> /home/jetson/flyrs_ws/install/fl2/share/fl2
running install_egg_info
Copying ../../build/fl2/fl2.egg-info to /home/jetson/flyrs_ws/install/fl2/lib/python3.8/site-packages/fl2-0.0.0-py3.8.egg-info
running install_scripts
Installing realsense_test script to /home/jetson/flyrs_ws/install/fl2/lib/fl2
writing list of installed files to '/home/jetson/flyrs_ws/build/fl2/install.log'
